<?xml version="1.0" encoding="UTF-8"?>
<!-- Generated by org.testng.reporters.JUnitXMLReporter -->
<testsuite hostname="Amrita-PC" ignored="0" name="Default test" tests="2" failures="1" timestamp="30 Mar 2019 07:36:19 GMT" time="0.125" errors="0">
  <testcase name="infiniteLoop" time="0.043" classname="TestNG.ExceptionTimeOutTest">
    <failure type="org.testng.internal.thread.ThreadTimeoutException" message="Method TestNG.ExceptionTimeOutTest.infiniteLoop() didn&amp;apos;t finish within the time-out 2">
      <![CDATA[org.testng.internal.thread.ThreadTimeoutException: Method TestNG.ExceptionTimeOutTest.infiniteLoop() didn't finish within the time-out 2
at java.nio.ByteBuffer.arrayOffset(Unknown Source)
at sun.nio.cs.StreamEncoder.writeBytes(Unknown Source)
at sun.nio.cs.StreamEncoder.implFlushBuffer(Unknown Source)
at sun.nio.cs.StreamEncoder.flushBuffer(Unknown Source)
at java.io.OutputStreamWriter.flushBuffer(Unknown Source)
at java.io.PrintStream.newLine(Unknown Source)
at java.io.PrintStream.println(Unknown Source)
at TestNG.ExceptionTimeOutTest.infiniteLoop(ExceptionTimeOutTest.java:11)
at sun.reflect.NativeMethodAccessorImpl.invoke0(Native Method)
at sun.reflect.NativeMethodAccessorImpl.invoke(Unknown Source)
at sun.reflect.DelegatingMethodAccessorImpl.invoke(Unknown Source)
at java.lang.reflect.Method.invoke(Unknown Source)
at org.testng.internal.MethodInvocationHelper.invokeMethod(MethodInvocationHelper.java:124)
at org.testng.internal.InvokeMethodRunnable.runOne(InvokeMethodRunnable.java:54)
at org.testng.internal.InvokeMethodRunnable.run(InvokeMethodRunnable.java:40)
at java.util.concurrent.Executors$RunnableAdapter.call(Unknown Source)
at java.util.concurrent.FutureTask.run(Unknown Source)
at java.util.concurrent.ThreadPoolExecutor.runWorker(Unknown Source)
at java.util.concurrent.ThreadPoolExecutor$Worker.run(Unknown Source)
at java.lang.Thread.run(Unknown Source)
]]>
    </failure>
  </testcase> <!-- infiniteLoop -->
  <testcase name="test1" time="0.003" classname="TestNG.ExceptionTimeOutTest"/>
</testsuite> <!-- Default test -->
